{"numFailedTestSuites":0,"numFailedTests":0,"numPassedTestSuites":1,"numPassedTests":2,"numPendingTestSuites":0,"numPendingTests":0,"numRuntimeErrorTestSuites":0,"numTodoTests":0,"numTotalTestSuites":1,"numTotalTests":2,"openHandles":[],"snapshot":{"added":0,"didUpdate":false,"failure":false,"filesAdded":0,"filesRemoved":0,"filesRemovedList":[],"filesUnmatched":0,"filesUpdated":0,"matched":0,"total":0,"unchecked":0,"uncheckedKeysByFile":[],"unmatched":0,"updated":0},"startTime":1769954226686,"success":true,"testResults":[{"assertionResults":[{"ancestorTitles":["PATCH /api/notifications/read-all"],"duration":438,"failing":false,"failureDetails":[],"failureMessages":[],"fullName":"PATCH /api/notifications/read-all should mark all unread notifications as read and return updated count","invocations":1,"location":null,"numPassingAsserts":5,"retryReasons":[],"startAt":1769954229420,"status":"passed","title":"should mark all unread notifications as read and return updated count"},{"ancestorTitles":["PATCH /api/notifications/read-all"],"duration":254,"failing":false,"failureDetails":[],"failureMessages":[],"fullName":"PATCH /api/notifications/read-all should return 401 if not authenticated and not update any notification","invocations":1,"location":null,"numPassingAsserts":7,"retryReasons":[],"startAt":1769954229859,"status":"passed","title":"should return 401 if not authenticated and not update any notification"}],"endTime":1769954230122,"message":"","name":"/Users/septianpadli/MyData/SoftwareDev/talas-app/user-service/tests/integration/notification-read-all.test.js","startTime":1769954226738,"status":"passed","summary":""}],"wasInterrupted":false}
